::1 - - [29/May/2016:14:38:14 +0100] "GET /EPM2/ HTTP/1.1" 404 203
::1 - - [29/May/2016:14:38:14 +0100] "GET /favicon.ico HTTP/1.1" 404 209
::1 - - [29/May/2016:14:38:26 +0100] "POST /phpmyadmin/index.php HTTP/1.1" 302 -
::1 - - [29/May/2016:14:38:26 +0100] "GET /phpmyadmin/index.php?token=1f4a4581fa19c45741515716310ac834 HTTP/1.1" 200 2590
::1 - - [29/May/2016:14:38:26 +0100] "GET /phpmyadmin/navigation.php?token=1f4a4581fa19c45741515716310ac834 HTTP/1.1" 200 4619
::1 - - [29/May/2016:14:38:26 +0100] "GET /phpmyadmin/main.php?token=1f4a4581fa19c45741515716310ac834 HTTP/1.1" 200 37829
::1 - - [29/May/2016:14:38:28 +0100] "GET /phpmyadmin/index.php?db=bikersworld&token=1f4a4581fa19c45741515716310ac834 HTTP/1.1" 200 2647
::1 - - [29/May/2016:14:38:28 +0100] "GET /phpmyadmin/navigation.php?token=1f4a4581fa19c45741515716310ac834&db=bikersworld HTTP/1.1" 200 9409
::1 - - [29/May/2016:14:38:28 +0100] "GET /phpmyadmin/db_structure.php?token=1f4a4581fa19c45741515716310ac834&db=bikersworld HTTP/1.1" 200 39185
::1 - - [29/May/2016:14:38:30 +0100] "GET /phpmyadmin/sql.php?db=bikersworld&token=1f4a4581fa19c45741515716310ac834&table=sales&pos=0 HTTP/1.1" 200 65412
::1 - - [29/May/2016:14:38:41 +0100] "GET /phpmyadmin/sql.php?db=bikersworld&token=1f4a4581fa19c45741515716310ac834&table=orderline&pos=0 HTTP/1.1" 200 54652
::1 - - [29/May/2016:14:38:44 +0100] "GET /phpmyadmin/sql.php?db=bikersworld&token=1f4a4581fa19c45741515716310ac834&table=sales&pos=0 HTTP/1.1" 200 65412
::1 - - [29/May/2016:14:38:48 +0100] "GET /phpmyadmin/sql.php?db=bikersworld&token=1f4a4581fa19c45741515716310ac834&table=orderline&pos=0 HTTP/1.1" 200 54652
::1 - - [29/May/2016:14:38:51 +0100] "GET /phpmyadmin/sql.php?db=bikersworld&token=1f4a4581fa19c45741515716310ac834&table=sales&pos=0 HTTP/1.1" 200 65412
::1 - - [29/May/2016:14:40:10 +0100] "GET /phpmyadmin/index.php?db=bikersworld&token=1f4a4581fa19c45741515716310ac834 HTTP/1.1" 200 2647
::1 - - [29/May/2016:14:40:10 +0100] "GET /phpmyadmin/js/jquery/jquery-1.4.4.js?ts=1324483672 HTTP/1.1" 304 -
::1 - - [29/May/2016:14:40:10 +0100] "GET /phpmyadmin/js/update-location.js?ts=1324483672 HTTP/1.1" 304 -
::1 - - [29/May/2016:14:40:10 +0100] "GET /phpmyadmin/js/common.js?ts=1324483672 HTTP/1.1" 304 -
::1 - - [29/May/2016:14:40:10 +0100] "GET /phpmyadmin/navigation.php?token=1f4a4581fa19c45741515716310ac834&db=bikersworld HTTP/1.1" 200 9409
::1 - - [29/May/2016:14:40:10 +0100] "GET /phpmyadmin/db_structure.php?token=1f4a4581fa19c45741515716310ac834&db=bikersworld HTTP/1.1" 200 39185
::1 - - [29/May/2016:14:40:10 +0100] "GET /phpmyadmin/js/navigation.js HTTP/1.1" 304 -
::1 - - [29/May/2016:14:40:10 +0100] "GET /phpmyadmin/js/jquery/jquery-1.4.4.js HTTP/1.1" 304 -
::1 - - [29/May/2016:14:40:10 +0100] "GET /phpmyadmin/js/functions.js HTTP/1.1" 304 -
::1 - - [29/May/2016:14:40:10 +0100] "GET /phpmyadmin/themes/pmahomme/img/logo_left.png HTTP/1.1" 304 -
::1 - - [29/May/2016:14:40:10 +0100] "GET /phpmyadmin/themes/pmahomme/img/b_home.png HTTP/1.1" 304 -
::1 - - [29/May/2016:14:40:10 +0100] "GET /phpmyadmin/themes/pmahomme/img/s_loggoff.png HTTP/1.1" 304 -
::1 - - [29/May/2016:14:40:10 +0100] "GET /phpmyadmin/themes/pmahomme/img/b_selboard.png HTTP/1.1" 304 -
::1 - - [29/May/2016:14:40:10 +0100] "GET /phpmyadmin/themes/pmahomme/img/b_docs.png HTTP/1.1" 304 -
::1 - - [29/May/2016:14:40:10 +0100] "GET /phpmyadmin/themes/pmahomme/img/b_sqlhelp.png HTTP/1.1" 304 -
::1 - - [29/May/2016:14:40:10 +0100] "GET /phpmyadmin/themes/pmahomme/img/s_reload.png HTTP/1.1" 304 -
::1 - - [29/May/2016:14:40:10 +0100] "GET /phpmyadmin/themes/pmahomme/img/b_sbrowse.png HTTP/1.1" 304 -
::1 - - [29/May/2016:14:40:10 +0100] "GET /phpmyadmin/themes/pmahomme/img/b_snewtbl.png HTTP/1.1" 304 -
::1 - - [29/May/2016:14:40:10 +0100] "GET /phpmyadmin/phpmyadmin.css.php?token=1f4a4581fa19c45741515716310ac834&js_frame=left&nocache=5440151040 HTTP/1.1" 200 5861
::1 - - [29/May/2016:14:40:10 +0100] "GET /phpmyadmin/themes/pmahomme/jquery/jquery-ui-1.8.custom.css HTTP/1.1" 304 -
::1 - - [29/May/2016:14:40:10 +0100] "GET /phpmyadmin/js/cross_framing_protection.js?ts=1324483672 HTTP/1.1" 304 -
::1 - - [29/May/2016:14:40:10 +0100] "GET /phpmyadmin/js/jquery/jquery-1.4.4.js?ts=1324483672 HTTP/1.1" 304 -
::1 - - [29/May/2016:14:40:10 +0100] "GET /phpmyadmin/js/update-location.js?ts=1324483672 HTTP/1.1" 304 -
::1 - - [29/May/2016:14:40:10 +0100] "GET /phpmyadmin/js/jquery/jquery-ui-1.8.custom.js?ts=1324483672 HTTP/1.1" 304 -
::1 - - [29/May/2016:14:40:10 +0100] "GET /phpmyadmin/js/db_structure.js?ts=1324483672 HTTP/1.1" 304 -
::1 - - [29/May/2016:14:40:10 +0100] "GET /phpmyadmin/js/functions.js?ts=1324483672 HTTP/1.1" 304 -
::1 - - [29/May/2016:14:40:10 +0100] "GET /phpmyadmin/js/jquery/jquery.qtip-1.0.0.min.js?ts=1324483672 HTTP/1.1" 304 -
::1 - - [29/May/2016:14:40:10 +0100] "GET /phpmyadmin/themes/pmahomme/img/b_help.png HTTP/1.1" 304 -
::1 - - [29/May/2016:14:40:10 +0100] "GET /phpmyadmin/themes/pmahomme/img/item_ltr.png HTTP/1.1" 304 -
::1 - - [29/May/2016:14:40:10 +0100] "GET /phpmyadmin/themes/pmahomme/img/s_db.png HTTP/1.1" 304 -
::1 - - [29/May/2016:14:40:10 +0100] "GET /phpmyadmin/themes/pmahomme/img/b_props.png HTTP/1.1" 304 -
::1 - - [29/May/2016:14:40:10 +0100] "GET /phpmyadmin/themes/pmahomme/img/b_sql.png HTTP/1.1" 304 -
::1 - - [29/May/2016:14:40:10 +0100] "GET /phpmyadmin/themes/pmahomme/img/b_search.png HTTP/1.1" 304 -
::1 - - [29/May/2016:14:40:10 +0100] "GET /phpmyadmin/themes/pmahomme/img/b_export.png HTTP/1.1" 304 -
::1 - - [29/May/2016:14:40:10 +0100] "GET /phpmyadmin/themes/pmahomme/img/b_import.png HTTP/1.1" 304 -
::1 - - [29/May/2016:14:40:10 +0100] "GET /phpmyadmin/themes/pmahomme/img/b_tblops.png HTTP/1.1" 304 -
::1 - - [29/May/2016:14:40:10 +0100] "GET /phpmyadmin/themes/pmahomme/img/s_rights.png HTTP/1.1" 304 -
::1 - - [29/May/2016:14:40:10 +0100] "GET /phpmyadmin/themes/pmahomme/img/s_asc.png HTTP/1.1" 304 -
::1 - - [29/May/2016:14:40:10 +0100] "GET /phpmyadmin/js/config.js?ts=1324483672 HTTP/1.1" 304 -
::1 - - [29/May/2016:14:40:10 +0100] "GET /phpmyadmin/themes/pmahomme/img/s_host.png HTTP/1.1" 304 -
::1 - - [29/May/2016:14:40:10 +0100] "GET /phpmyadmin/themes/pmahomme/img/b_select.png HTTP/1.1" 304 -
::1 - - [29/May/2016:14:40:10 +0100] "GET /phpmyadmin/themes/pmahomme/img/b_browse.png HTTP/1.1" 304 -
::1 - - [29/May/2016:14:40:10 +0100] "GET /phpmyadmin/themes/pmahomme/img/b_empty.png HTTP/1.1" 304 -
::1 - - [29/May/2016:14:40:10 +0100] "GET /phpmyadmin/themes/pmahomme/img/b_insrow.png HTTP/1.1" 304 -
::1 - - [29/May/2016:14:40:10 +0100] "GET /phpmyadmin/print.css HTTP/1.1" 304 -
::1 - - [29/May/2016:14:40:10 +0100] "GET /phpmyadmin/themes/pmahomme/img/b_drop.png HTTP/1.1" 304 -
::1 - - [29/May/2016:14:40:10 +0100] "GET /phpmyadmin/phpmyadmin.css.php?server=1&token=1f4a4581fa19c45741515716310ac834&js_frame=right&nocache=5440151040 HTTP/1.1" 200 41672
::1 - - [29/May/2016:14:40:10 +0100] "GET /phpmyadmin/js/messages.php?lang=en&db=bikersworld&token=1f4a4581fa19c45741515716310ac834 HTTP/1.1" 200 4945
::1 - - [29/May/2016:14:40:10 +0100] "GET /phpmyadmin/themes/pmahomme/img/arrow_ltr.png HTTP/1.1" 304 -
::1 - - [29/May/2016:14:40:10 +0100] "GET /phpmyadmin/themes/pmahomme/img/b_tblanalyse.png HTTP/1.1" 304 -
::1 - - [29/May/2016:14:40:10 +0100] "GET /phpmyadmin/themes/pmahomme/img/b_print.png HTTP/1.1" 304 -
::1 - - [29/May/2016:14:40:10 +0100] "GET /phpmyadmin/themes/pmahomme/img/b_newtbl.png HTTP/1.1" 304 -
::1 - - [29/May/2016:14:40:10 +0100] "GET /phpmyadmin/themes/pmahomme/img/window-new.png HTTP/1.1" 304 -
::1 - - [29/May/2016:14:40:10 +0100] "GET /phpmyadmin/themes/pmahomme/img/left_nav_bg.png HTTP/1.1" 304 -
::1 - - [29/May/2016:14:40:10 +0100] "GET /phpmyadmin/themes/pmahomme/img/input_bg.gif HTTP/1.1" 304 -
::1 - - [29/May/2016:14:40:10 +0100] "GET /phpmyadmin/themes/pmahomme/img/s_notice.png HTTP/1.1" 304 -
::1 - - [29/May/2016:14:40:10 +0100] "GET /phpmyadmin/themes/pmahomme/img/tab_bg.png HTTP/1.1" 304 -
::1 - - [29/May/2016:14:40:10 +0100] "GET /phpmyadmin/themes/pmahomme/img/b_more.png HTTP/1.1" 304 -
::1 - - [29/May/2016:14:40:11 +0100] "GET /phpmyadmin/favicon.ico HTTP/1.1" 200 18902
::1 - - [29/May/2016:14:40:13 +0100] "GET /phpmyadmin/sql.php?db=bikersworld&token=1f4a4581fa19c45741515716310ac834&table=sales&pos=0 HTTP/1.1" 200 68114
::1 - - [29/May/2016:14:40:18 +0100] "GET /phpmyadmin/sql.php?db=bikersworld&token=1f4a4581fa19c45741515716310ac834&table=orderline&pos=0 HTTP/1.1" 200 57377
::1 - - [29/May/2016:14:43:40 +0100] "POST /phpmyadmin/index.php HTTP/1.1" 302 -
::1 - - [29/May/2016:14:43:40 +0100] "GET /phpmyadmin/index.php?token=d64cfbe009c14486edc020723d186184&phpMyAdmin=r28k4an2met8lbcfqlkrgsa65crhkkmo HTTP/1.1" 200 7491
::1 - - [29/May/2016:14:43:40 +0100] "GET /phpmyadmin/phpmyadmin.css.php?server=1&token=d64cfbe009c14486edc020723d186184&js_frame=right&nocache=3975629199 HTTP/1.1" 200 41672
::1 - - [29/May/2016:14:43:40 +0100] "GET /phpmyadmin/js/messages.php?lang=en&db=&token=d64cfbe009c14486edc020723d186184 HTTP/1.1" 200 4934
::1 - - [29/May/2016:14:43:46 +0100] "POST /phpmyadmin/index.php HTTP/1.1" 302 -
::1 - - [29/May/2016:14:43:46 +0100] "GET /phpmyadmin/index.php?token=d64cfbe009c14486edc020723d186184 HTTP/1.1" 200 2590
::1 - - [29/May/2016:14:43:46 +0100] "GET /phpmyadmin/navigation.php?token=d64cfbe009c14486edc020723d186184 HTTP/1.1" 200 4619
::1 - - [29/May/2016:14:43:46 +0100] "GET /phpmyadmin/main.php?token=d64cfbe009c14486edc020723d186184 HTTP/1.1" 200 37829
::1 - - [29/May/2016:14:43:47 +0100] "GET /phpmyadmin/phpmyadmin.css.php?token=d64cfbe009c14486edc020723d186184&js_frame=left&nocache=5440158625 HTTP/1.1" 200 5861
::1 - - [29/May/2016:14:43:47 +0100] "GET /phpmyadmin/phpmyadmin.css.php?server=1&token=d64cfbe009c14486edc020723d186184&js_frame=right&nocache=5440158625 HTTP/1.1" 200 41672
::1 - - [29/May/2016:14:43:48 +0100] "GET /phpmyadmin/index.php?db=bikersworld&token=d64cfbe009c14486edc020723d186184 HTTP/1.1" 200 2647
::1 - - [29/May/2016:14:43:48 +0100] "GET /phpmyadmin/navigation.php?token=d64cfbe009c14486edc020723d186184&db=bikersworld HTTP/1.1" 200 9409
::1 - - [29/May/2016:14:43:48 +0100] "GET /phpmyadmin/db_structure.php?token=d64cfbe009c14486edc020723d186184&db=bikersworld HTTP/1.1" 200 39185
::1 - - [29/May/2016:14:43:49 +0100] "GET /phpmyadmin/js/messages.php?lang=en&db=bikersworld&token=d64cfbe009c14486edc020723d186184 HTTP/1.1" 200 4945
::1 - - [29/May/2016:14:43:52 +0100] "GET /phpmyadmin/sql.php?db=bikersworld&token=d64cfbe009c14486edc020723d186184&table=login&pos=0 HTTP/1.1" 200 37201
::1 - - [29/May/2016:14:43:56 +0100] "GET /phpmyadmin/sql.php?db=bikersworld&token=d64cfbe009c14486edc020723d186184&table=customer&pos=0 HTTP/1.1" 200 39062
::1 - - [29/May/2016:14:44:09 +0100] "GET /phpmyadmin/sql.php?db=bikersworld&token=d64cfbe009c14486edc020723d186184&table=employee&pos=0 HTTP/1.1" 200 49827
::1 - - [29/May/2016:14:44:48 +0100] "GET /phpmyadmin/sql.php?db=bikersworld&token=d64cfbe009c14486edc020723d186184&table=login&pos=0 HTTP/1.1" 200 37201
